[1.331s] Invoking command in '/home/kazaki/enae450-s26/final competition/enae450-final-competition/final-comp': PYTHONPATH=/home/kazaki/enae450-s26/final competition/enae450-final-competition/build/final-comp/prefix_override:/usr/lib/python3/dist-packages/colcon_core/task/python/colcon_distutils_commands:/home/kazaki/enae450-s26/final competition/enae450-final-competition/install/final-comp/lib/python3.12/site-packages:${PYTHONPATH} /usr/bin/python3 -W ignore:setup.py install is deprecated -W ignore:easy_install command is deprecated setup.py egg_info --egg-base ../build/final-comp build --build-base /home/kazaki/enae450-s26/final competition/enae450-final-competition/build/final-comp/build install --record /home/kazaki/enae450-s26/final competition/enae450-final-competition/build/final-comp/install.log --single-version-externally-managed install_data
[1.718s] running egg_info
[1.748s] writing ../build/final-comp/final_comp.egg-info/PKG-INFO
[1.748s] writing dependency_links to ../build/final-comp/final_comp.egg-info/dependency_links.txt
[1.749s] writing entry points to ../build/final-comp/final_comp.egg-info/entry_points.txt
[1.749s] writing requirements to ../build/final-comp/final_comp.egg-info/requires.txt
[1.750s] writing top-level names to ../build/final-comp/final_comp.egg-info/top_level.txt
[1.810s] reading manifest file '../build/final-comp/final_comp.egg-info/SOURCES.txt'
[1.812s] writing manifest file '../build/final-comp/final_comp.egg-info/SOURCES.txt'
[1.812s] running build
[1.812s] running build_py
[1.812s] copying final-comp/view_map.py -> /home/kazaki/enae450-s26/final competition/enae450-final-competition/build/final-comp/build/lib/final-comp
[1.814s] copying final-comp/maze_solver.py -> /home/kazaki/enae450-s26/final competition/enae450-final-competition/build/final-comp/build/lib/final-comp
[1.815s] copying final-comp/slam_map_viewer.py -> /home/kazaki/enae450-s26/final competition/enae450-final-competition/build/final-comp/build/lib/final-comp
[1.815s] copying final-comp/move_robot.py -> /home/kazaki/enae450-s26/final competition/enae450-final-competition/build/final-comp/build/lib/final-comp
[1.815s] running install
[1.824s] running install_lib
[1.854s] copying /home/kazaki/enae450-s26/final competition/enae450-final-competition/build/final-comp/build/lib/final-comp/view_map.py -> /home/kazaki/enae450-s26/final competition/enae450-final-competition/install/final-comp/lib/python3.12/site-packages/final-comp
[1.856s] copying /home/kazaki/enae450-s26/final competition/enae450-final-competition/build/final-comp/build/lib/final-comp/maze_solver.py -> /home/kazaki/enae450-s26/final competition/enae450-final-competition/install/final-comp/lib/python3.12/site-packages/final-comp
[1.858s] copying /home/kazaki/enae450-s26/final competition/enae450-final-competition/build/final-comp/build/lib/final-comp/slam_map_viewer.py -> /home/kazaki/enae450-s26/final competition/enae450-final-competition/install/final-comp/lib/python3.12/site-packages/final-comp
[1.858s] copying /home/kazaki/enae450-s26/final competition/enae450-final-competition/build/final-comp/build/lib/final-comp/move_robot.py -> /home/kazaki/enae450-s26/final competition/enae450-final-competition/install/final-comp/lib/python3.12/site-packages/final-comp
[1.859s] byte-compiling /home/kazaki/enae450-s26/final competition/enae450-final-competition/install/final-comp/lib/python3.12/site-packages/final-comp/view_map.py to view_map.cpython-312.pyc
[1.861s] byte-compiling /home/kazaki/enae450-s26/final competition/enae450-final-competition/install/final-comp/lib/python3.12/site-packages/final-comp/maze_solver.py to maze_solver.cpython-312.pyc
[1.869s] byte-compiling /home/kazaki/enae450-s26/final competition/enae450-final-competition/install/final-comp/lib/python3.12/site-packages/final-comp/slam_map_viewer.py to slam_map_viewer.cpython-312.pyc
[1.872s] byte-compiling /home/kazaki/enae450-s26/final competition/enae450-final-competition/install/final-comp/lib/python3.12/site-packages/final-comp/move_robot.py to move_robot.cpython-312.pyc
[1.873s] running install_data
[1.874s] running install_egg_info
[1.905s] removing '/home/kazaki/enae450-s26/final competition/enae450-final-competition/install/final-comp/lib/python3.12/site-packages/final_comp-0.0.0-py3.12.egg-info' (and everything under it)
[1.907s] Copying ../build/final-comp/final_comp.egg-info to /home/kazaki/enae450-s26/final competition/enae450-final-competition/install/final-comp/lib/python3.12/site-packages/final_comp-0.0.0-py3.12.egg-info
[1.909s] running install_scripts
[2.106s] Installing maze_solver script to /home/kazaki/enae450-s26/final competition/enae450-final-competition/install/final-comp/lib/final-comp
[2.107s] Installing move_robot script to /home/kazaki/enae450-s26/final competition/enae450-final-competition/install/final-comp/lib/final-comp
[2.108s] Installing slam_map_viewer script to /home/kazaki/enae450-s26/final competition/enae450-final-competition/install/final-comp/lib/final-comp
[2.109s] Installing view_map script to /home/kazaki/enae450-s26/final competition/enae450-final-competition/install/final-comp/lib/final-comp
[2.110s] writing list of installed files to '/home/kazaki/enae450-s26/final competition/enae450-final-competition/build/final-comp/install.log'
[2.151s] Invoked command in '/home/kazaki/enae450-s26/final competition/enae450-final-competition/final-comp' returned '0': PYTHONPATH=/home/kazaki/enae450-s26/final competition/enae450-final-competition/build/final-comp/prefix_override:/usr/lib/python3/dist-packages/colcon_core/task/python/colcon_distutils_commands:/home/kazaki/enae450-s26/final competition/enae450-final-competition/install/final-comp/lib/python3.12/site-packages:${PYTHONPATH} /usr/bin/python3 -W ignore:setup.py install is deprecated -W ignore:easy_install command is deprecated setup.py egg_info --egg-base ../build/final-comp build --build-base /home/kazaki/enae450-s26/final competition/enae450-final-competition/build/final-comp/build install --record /home/kazaki/enae450-s26/final competition/enae450-final-competition/build/final-comp/install.log --single-version-externally-managed install_data
