[0.569s] DEBUG:colcon:Command line arguments: ['/usr/bin/colcon', 'build']
[0.569s] DEBUG:colcon:Parsed command line arguments: Namespace(log_base=None, log_level=None, verb_name='build', build_base='build', install_base='install', merge_install=False, symlink_install=False, test_result_base=None, continue_on_error=False, executor='parallel', parallel_workers=16, event_handlers=None, ignore_user_meta=False, metas=['./colcon.meta'], base_paths=['.'], packages_ignore=None, packages_ignore_regex=None, paths=None, packages_up_to=None, packages_up_to_regex=None, packages_above=None, packages_above_and_dependencies=None, packages_above_depth=None, packages_select_by_dep=None, packages_skip_by_dep=None, packages_skip_up_to=None, packages_select_build_failed=False, packages_skip_build_finished=False, packages_select_test_failures=False, packages_skip_test_passed=False, packages_select=None, packages_skip=None, packages_select_regex=None, packages_skip_regex=None, packages_start=None, packages_end=None, allow_overriding=[], cmake_args=None, cmake_target=None, cmake_target_skip_unavailable=False, cmake_clean_cache=False, cmake_clean_first=False, cmake_force_configure=False, ament_cmake_args=None, catkin_cmake_args=None, catkin_skip_building_tests=False, mixin_files=None, mixin=None, verb_parser=<colcon_mixin.mixin.mixin_argument.MixinArgumentDecorator object at 0x75f9e8c92270>, verb_extension=<colcon_core.verb.build.BuildVerb object at 0x75f9e8c91fd0>, main=<bound method BuildVerb.main of <colcon_core.verb.build.BuildVerb object at 0x75f9e8c91fd0>>, mixin_verb=('build',))
[0.665s] Level 1:colcon.colcon_core.package_discovery:discover_packages(colcon_meta) check parameters
[0.669s] Level 1:colcon.colcon_core.package_discovery:discover_packages(recursive) check parameters
[0.669s] Level 1:colcon.colcon_core.package_discovery:discover_packages(ignore) check parameters
[0.669s] Level 1:colcon.colcon_core.package_discovery:discover_packages(path) check parameters
[0.669s] Level 1:colcon.colcon_core.package_discovery:discover_packages(colcon_meta) discover
[0.670s] Level 1:colcon.colcon_core.package_discovery:discover_packages(recursive) discover
[0.670s] INFO:colcon.colcon_core.package_discovery:Crawling recursively for packages in '/home/kazaki/enae450-s26/final competition/enae450-final-competition/final-comp'
[0.670s] Level 1:colcon.colcon_core.package_identification:_identify(.) by extensions ['ignore', 'ignore_ament_install']
[0.670s] Level 1:colcon.colcon_core.package_identification:_identify(.) by extension 'ignore'
[0.670s] Level 1:colcon.colcon_core.package_identification:_identify(.) by extension 'ignore_ament_install'
[0.670s] Level 1:colcon.colcon_core.package_identification:_identify(.) by extensions ['colcon_pkg']
[0.671s] Level 1:colcon.colcon_core.package_identification:_identify(.) by extension 'colcon_pkg'
[0.671s] Level 1:colcon.colcon_core.package_identification:_identify(.) by extensions ['colcon_meta']
[0.671s] Level 1:colcon.colcon_core.package_identification:_identify(.) by extension 'colcon_meta'
[0.671s] Level 1:colcon.colcon_core.package_identification:_identify(.) by extensions ['ros']
[0.671s] Level 1:colcon.colcon_core.package_identification:_identify(.) by extension 'ros'
[0.721s] DEBUG:colcon.colcon_core.package_identification:Package '.' with type 'ros.ament_python' and name 'final-comp'
[0.722s] Level 1:colcon.colcon_core.package_discovery:discover_packages(recursive) using defaults
[0.722s] Level 1:colcon.colcon_core.package_discovery:discover_packages(ignore) discover
[0.722s] Level 1:colcon.colcon_core.package_discovery:discover_packages(ignore) using defaults
[0.722s] Level 1:colcon.colcon_core.package_discovery:discover_packages(path) discover
[0.722s] Level 1:colcon.colcon_core.package_discovery:discover_packages(path) using defaults
[0.765s] Level 1:colcon.colcon_core.package_discovery:discover_packages(prefix_path) check parameters
[0.765s] Level 1:colcon.colcon_core.package_discovery:discover_packages(prefix_path) discover
[0.767s] WARNING:colcon.colcon_core.prefix_path.colcon:The path '/home/kazaki/enae450-s26/final competition/enae450-final-competition/final-comp/src/install' in the environment variable COLCON_PREFIX_PATH doesn't exist
[0.768s] DEBUG:colcon.colcon_installed_package_information.package_discovery:Found 1 installed packages in /home/kazaki/enae450-s26/final competition/enae450-final-competition/final-comp/install
[0.774s] DEBUG:colcon.colcon_installed_package_information.package_discovery:Found 472 installed packages in /opt/ros/jazzy
[0.778s] Level 1:colcon.colcon_core.package_discovery:discover_packages(prefix_path) using defaults
[0.898s] Level 5:colcon.colcon_core.verb:set package 'final-comp' build argument 'cmake_args' from command line to 'None'
[0.899s] Level 5:colcon.colcon_core.verb:set package 'final-comp' build argument 'cmake_target' from command line to 'None'
[0.899s] Level 5:colcon.colcon_core.verb:set package 'final-comp' build argument 'cmake_target_skip_unavailable' from command line to 'False'
[0.899s] Level 5:colcon.colcon_core.verb:set package 'final-comp' build argument 'cmake_clean_cache' from command line to 'False'
[0.899s] Level 5:colcon.colcon_core.verb:set package 'final-comp' build argument 'cmake_clean_first' from command line to 'False'
[0.899s] Level 5:colcon.colcon_core.verb:set package 'final-comp' build argument 'cmake_force_configure' from command line to 'False'
[0.899s] Level 5:colcon.colcon_core.verb:set package 'final-comp' build argument 'ament_cmake_args' from command line to 'None'
[0.899s] Level 5:colcon.colcon_core.verb:set package 'final-comp' build argument 'catkin_cmake_args' from command line to 'None'
[0.899s] Level 5:colcon.colcon_core.verb:set package 'final-comp' build argument 'catkin_skip_building_tests' from command line to 'False'
[0.899s] DEBUG:colcon.colcon_core.verb:Building package 'final-comp' with the following arguments: {'ament_cmake_args': None, 'build_base': '/home/kazaki/enae450-s26/final competition/enae450-final-competition/final-comp/build/final-comp', 'catkin_cmake_args': None, 'catkin_skip_building_tests': False, 'cmake_args': None, 'cmake_clean_cache': False, 'cmake_clean_first': False, 'cmake_force_configure': False, 'cmake_target': None, 'cmake_target_skip_unavailable': False, 'install_base': '/home/kazaki/enae450-s26/final competition/enae450-final-competition/final-comp/install/final-comp', 'merge_install': False, 'path': '/home/kazaki/enae450-s26/final competition/enae450-final-competition/final-comp', 'symlink_install': False, 'test_result_base': None}
[0.899s] INFO:colcon.colcon_core.executor:Executing jobs using 'parallel' executor
[0.901s] DEBUG:colcon.colcon_parallel_executor.executor.parallel:run_until_complete
[0.903s] INFO:colcon.colcon_ros.task.ament_python.build:Building ROS package in '/home/kazaki/enae450-s26/final competition/enae450-final-competition/final-comp' with build type 'ament_python'
[0.904s] Level 1:colcon.colcon_core.shell:create_environment_hook('final-comp', 'ament_prefix_path')
[0.908s] INFO:colcon.colcon_core.plugin_system:Skipping extension 'colcon_core.shell.bat': Not used on non-Windows systems
[0.908s] INFO:colcon.colcon_core.shell:Creating environment hook '/home/kazaki/enae450-s26/final competition/enae450-final-competition/final-comp/install/final-comp/share/final-comp/hook/ament_prefix_path.ps1'
[0.915s] INFO:colcon.colcon_core.shell:Creating environment descriptor '/home/kazaki/enae450-s26/final competition/enae450-final-competition/final-comp/install/final-comp/share/final-comp/hook/ament_prefix_path.dsv'
[0.917s] INFO:colcon.colcon_core.shell:Creating environment hook '/home/kazaki/enae450-s26/final competition/enae450-final-competition/final-comp/install/final-comp/share/final-comp/hook/ament_prefix_path.sh'
[0.922s] INFO:colcon.colcon_core.shell:Skip shell extension 'powershell' for command environment: Not usable outside of PowerShell
[0.923s] DEBUG:colcon.colcon_core.shell:Skip shell extension 'dsv' for command environment
[1.447s] INFO:colcon.colcon_core.task.python.build:Building Python package in '/home/kazaki/enae450-s26/final competition/enae450-final-competition/final-comp'
[1.447s] INFO:colcon.colcon_core.shell:Skip shell extension 'powershell' for command environment: Not usable outside of PowerShell
[1.447s] DEBUG:colcon.colcon_core.shell:Skip shell extension 'dsv' for command environment
[2.800s] DEBUG:colcon.colcon_core.event_handler.log_command:Invoking command in '/home/kazaki/enae450-s26/final competition/enae450-final-competition/final-comp': PYTHONPATH=/home/kazaki/enae450-s26/final competition/enae450-final-competition/final-comp/build/final-comp/prefix_override:/usr/lib/python3/dist-packages/colcon_core/task/python/colcon_distutils_commands:/home/kazaki/enae450-s26/final competition/enae450-final-competition/final-comp/install/final-comp/lib/python3.12/site-packages:${PYTHONPATH} /usr/bin/python3 -W ignore:setup.py install is deprecated -W ignore:easy_install command is deprecated setup.py egg_info --egg-base build/final-comp build --build-base /home/kazaki/enae450-s26/final competition/enae450-final-competition/final-comp/build/final-comp/build install --record /home/kazaki/enae450-s26/final competition/enae450-final-competition/final-comp/build/final-comp/install.log --single-version-externally-managed install_data
[4.043s] DEBUG:colcon.colcon_core.event_handler.log_command:Invoked command in '/home/kazaki/enae450-s26/final competition/enae450-final-competition/final-comp' returned '0': PYTHONPATH=/home/kazaki/enae450-s26/final competition/enae450-final-competition/final-comp/build/final-comp/prefix_override:/usr/lib/python3/dist-packages/colcon_core/task/python/colcon_distutils_commands:/home/kazaki/enae450-s26/final competition/enae450-final-competition/final-comp/install/final-comp/lib/python3.12/site-packages:${PYTHONPATH} /usr/bin/python3 -W ignore:setup.py install is deprecated -W ignore:easy_install command is deprecated setup.py egg_info --egg-base build/final-comp build --build-base /home/kazaki/enae450-s26/final competition/enae450-final-competition/final-comp/build/final-comp/build install --record /home/kazaki/enae450-s26/final competition/enae450-final-competition/final-comp/build/final-comp/install.log --single-version-externally-managed install_data
[4.046s] Level 1:colcon.colcon_core.environment:checking '/home/kazaki/enae450-s26/final competition/enae450-final-competition/final-comp/install/final-comp' for CMake module files
[4.048s] Level 1:colcon.colcon_core.environment:checking '/home/kazaki/enae450-s26/final competition/enae450-final-competition/final-comp/install/final-comp' for CMake config files
[4.052s] Level 1:colcon.colcon_core.environment:checking '/home/kazaki/enae450-s26/final competition/enae450-final-competition/final-comp/install/final-comp/lib'
[4.053s] Level 1:colcon.colcon_core.environment:checking '/home/kazaki/enae450-s26/final competition/enae450-final-competition/final-comp/install/final-comp/bin'
[4.053s] Level 1:colcon.colcon_core.environment:checking '/home/kazaki/enae450-s26/final competition/enae450-final-competition/final-comp/install/final-comp/lib/pkgconfig/final-comp.pc'
[4.053s] Level 1:colcon.colcon_core.environment:checking '/home/kazaki/enae450-s26/final competition/enae450-final-competition/final-comp/install/final-comp/lib/python3.12/site-packages'
[4.053s] Level 1:colcon.colcon_core.shell:create_environment_hook('final-comp', 'pythonpath')
[4.054s] INFO:colcon.colcon_core.shell:Creating environment hook '/home/kazaki/enae450-s26/final competition/enae450-final-competition/final-comp/install/final-comp/share/final-comp/hook/pythonpath.ps1'
[4.055s] INFO:colcon.colcon_core.shell:Creating environment descriptor '/home/kazaki/enae450-s26/final competition/enae450-final-competition/final-comp/install/final-comp/share/final-comp/hook/pythonpath.dsv'
[4.055s] INFO:colcon.colcon_core.shell:Creating environment hook '/home/kazaki/enae450-s26/final competition/enae450-final-competition/final-comp/install/final-comp/share/final-comp/hook/pythonpath.sh'
[4.056s] Level 1:colcon.colcon_core.environment:checking '/home/kazaki/enae450-s26/final competition/enae450-final-competition/final-comp/install/final-comp/bin'
[4.056s] Level 1:colcon.colcon_core.environment:create_environment_scripts_only(final-comp)
[4.057s] INFO:colcon.colcon_core.shell:Creating package script '/home/kazaki/enae450-s26/final competition/enae450-final-competition/final-comp/install/final-comp/share/final-comp/package.ps1'
[4.059s] INFO:colcon.colcon_core.shell:Creating package descriptor '/home/kazaki/enae450-s26/final competition/enae450-final-competition/final-comp/install/final-comp/share/final-comp/package.dsv'
[4.059s] INFO:colcon.colcon_core.shell:Creating package script '/home/kazaki/enae450-s26/final competition/enae450-final-competition/final-comp/install/final-comp/share/final-comp/package.sh'
[4.079s] INFO:colcon.colcon_core.shell:Creating package script '/home/kazaki/enae450-s26/final competition/enae450-final-competition/final-comp/install/final-comp/share/final-comp/package.bash'
[4.081s] INFO:colcon.colcon_core.shell:Creating package script '/home/kazaki/enae450-s26/final competition/enae450-final-competition/final-comp/install/final-comp/share/final-comp/package.zsh'
[4.082s] Level 1:colcon.colcon_core.environment:create_file_with_runtime_dependencies(/home/kazaki/enae450-s26/final competition/enae450-final-competition/final-comp/install/final-comp/share/colcon-core/packages/final-comp)
[4.083s] DEBUG:colcon.colcon_parallel_executor.executor.parallel:closing loop
[4.084s] DEBUG:colcon.colcon_parallel_executor.executor.parallel:loop closed
[4.084s] DEBUG:colcon.colcon_parallel_executor.executor.parallel:run_until_complete finished with '0'
[4.084s] DEBUG:colcon.colcon_core.event_reactor:joining thread
[4.273s] INFO:colcon.colcon_core.plugin_system:Skipping extension 'colcon_notification.desktop_notification.notify_send': Could not find 'notify-send'
[4.274s] INFO:colcon.colcon_core.plugin_system:Skipping extension 'colcon_notification.desktop_notification.terminal_notifier': Not used on non-Darwin systems
[4.274s] INFO:colcon.colcon_core.plugin_system:Skipping extension 'colcon_notification.desktop_notification.win32': Not used on non-Windows systems
[4.274s] INFO:colcon.colcon_notification.desktop_notification:Sending desktop notification using 'notify2'
[4.276s] DEBUG:colcon.colcon_notification.desktop_notification.notify2:Failed to initialize notify2: org.freedesktop.DBus.Error.ServiceUnknown: The name org.freedesktop.Notifications was not provided by any .service files
[4.276s] DEBUG:colcon.colcon_core.event_reactor:joined thread
[4.276s] INFO:colcon.colcon_core.shell:Creating prefix script '/home/kazaki/enae450-s26/final competition/enae450-final-competition/final-comp/install/local_setup.ps1'
[4.278s] INFO:colcon.colcon_core.shell:Creating prefix util module '/home/kazaki/enae450-s26/final competition/enae450-final-competition/final-comp/install/_local_setup_util_ps1.py'
[4.279s] INFO:colcon.colcon_core.shell:Creating prefix chain script '/home/kazaki/enae450-s26/final competition/enae450-final-competition/final-comp/install/setup.ps1'
[4.281s] INFO:colcon.colcon_core.shell:Creating prefix script '/home/kazaki/enae450-s26/final competition/enae450-final-competition/final-comp/install/local_setup.sh'
[4.282s] INFO:colcon.colcon_core.shell:Creating prefix util module '/home/kazaki/enae450-s26/final competition/enae450-final-competition/final-comp/install/_local_setup_util_sh.py'
[4.284s] INFO:colcon.colcon_core.shell:Creating prefix chain script '/home/kazaki/enae450-s26/final competition/enae450-final-competition/final-comp/install/setup.sh'
[4.285s] INFO:colcon.colcon_core.shell:Creating prefix script '/home/kazaki/enae450-s26/final competition/enae450-final-competition/final-comp/install/local_setup.bash'
[4.290s] INFO:colcon.colcon_core.shell:Creating prefix chain script '/home/kazaki/enae450-s26/final competition/enae450-final-competition/final-comp/install/setup.bash'
[4.292s] INFO:colcon.colcon_core.shell:Creating prefix script '/home/kazaki/enae450-s26/final competition/enae450-final-competition/final-comp/install/local_setup.zsh'
[4.293s] INFO:colcon.colcon_core.shell:Creating prefix chain script '/home/kazaki/enae450-s26/final competition/enae450-final-competition/final-comp/install/setup.zsh'
