running egg_info
creating ../build/final-comp/final_comp.egg-info
writing ../build/final-comp/final_comp.egg-info/PKG-INFO
writing dependency_links to ../build/final-comp/final_comp.egg-info/dependency_links.txt
writing requirements to ../build/final-comp/final_comp.egg-info/requires.txt
writing top-level names to ../build/final-comp/final_comp.egg-info/top_level.txt
writing manifest file '../build/final-comp/final_comp.egg-info/SOURCES.txt'
reading manifest file '../build/final-comp/final_comp.egg-info/SOURCES.txt'
writing manifest file '../build/final-comp/final_comp.egg-info/SOURCES.txt'
running build
running build_py
creating /home/kazaki/enae450-s26/final competition/enae450-final-competition/build/final-comp/build
creating /home/kazaki/enae450-s26/final competition/enae450-final-competition/build/final-comp/build/lib
creating /home/kazaki/enae450-s26/final competition/enae450-final-competition/build/final-comp/build/lib/final-comp
copying final-comp/__init__.py -> /home/kazaki/enae450-s26/final competition/enae450-final-competition/build/final-comp/build/lib/final-comp
running install
running install_lib
creating /home/kazaki/enae450-s26/final competition/enae450-final-competition/install/final-comp/lib/python3.12/site-packages/final-comp
copying /home/kazaki/enae450-s26/final competition/enae450-final-competition/build/final-comp/build/lib/final-comp/__init__.py -> /home/kazaki/enae450-s26/final competition/enae450-final-competition/install/final-comp/lib/python3.12/site-packages/final-comp
byte-compiling /home/kazaki/enae450-s26/final competition/enae450-final-competition/install/final-comp/lib/python3.12/site-packages/final-comp/__init__.py to __init__.cpython-312.pyc
running install_data
creating /home/kazaki/enae450-s26/final competition/enae450-final-competition/install/final-comp/share/ament_index
creating /home/kazaki/enae450-s26/final competition/enae450-final-competition/install/final-comp/share/ament_index/resource_index
creating /home/kazaki/enae450-s26/final competition/enae450-final-competition/install/final-comp/share/ament_index/resource_index/packages
copying resource/final-comp -> /home/kazaki/enae450-s26/final competition/enae450-final-competition/install/final-comp/share/ament_index/resource_index/packages
copying package.xml -> /home/kazaki/enae450-s26/final competition/enae450-final-competition/install/final-comp/share/final-comp
running install_egg_info
Copying ../build/final-comp/final_comp.egg-info to /home/kazaki/enae450-s26/final competition/enae450-final-competition/install/final-comp/lib/python3.12/site-packages/final_comp-0.0.0-py3.12.egg-info
running install_scripts
writing list of installed files to '/home/kazaki/enae450-s26/final competition/enae450-final-competition/build/final-comp/install.log'
