running egg_info
writing build/final-comp/final_comp.egg-info/PKG-INFO
writing dependency_links to build/final-comp/final_comp.egg-info/dependency_links.txt
writing entry points to build/final-comp/final_comp.egg-info/entry_points.txt
writing requirements to build/final-comp/final_comp.egg-info/requires.txt
writing top-level names to build/final-comp/final_comp.egg-info/top_level.txt
reading manifest file 'build/final-comp/final_comp.egg-info/SOURCES.txt'
writing manifest file 'build/final-comp/final_comp.egg-info/SOURCES.txt'
running build
running build_py
copying final-comp/slam_map_viewer.py -> /home/kazaki/enae450-s26/final competition/enae450-final-competition/final-comp/build/final-comp/build/lib/final-comp
running install
running install_lib
copying /home/kazaki/enae450-s26/final competition/enae450-final-competition/final-comp/build/final-comp/build/lib/final-comp/slam_map_viewer.py -> /home/kazaki/enae450-s26/final competition/enae450-final-competition/final-comp/install/final-comp/lib/python3.12/site-packages/final-comp
byte-compiling /home/kazaki/enae450-s26/final competition/enae450-final-competition/final-comp/install/final-comp/lib/python3.12/site-packages/final-comp/slam_map_viewer.py to slam_map_viewer.cpython-312.pyc
running install_data
running install_egg_info
removing '/home/kazaki/enae450-s26/final competition/enae450-final-competition/final-comp/install/final-comp/lib/python3.12/site-packages/final_comp-0.0.0-py3.12.egg-info' (and everything under it)
Copying build/final-comp/final_comp.egg-info to /home/kazaki/enae450-s26/final competition/enae450-final-competition/final-comp/install/final-comp/lib/python3.12/site-packages/final_comp-0.0.0-py3.12.egg-info
running install_scripts
Installing maze_solver script to /home/kazaki/enae450-s26/final competition/enae450-final-competition/final-comp/install/final-comp/lib/final-comp
Installing move_robot script to /home/kazaki/enae450-s26/final competition/enae450-final-competition/final-comp/install/final-comp/lib/final-comp
Installing slam_map_viewer script to /home/kazaki/enae450-s26/final competition/enae450-final-competition/final-comp/install/final-comp/lib/final-comp
Installing view_map script to /home/kazaki/enae450-s26/final competition/enae450-final-competition/final-comp/install/final-comp/lib/final-comp
writing list of installed files to '/home/kazaki/enae450-s26/final competition/enae450-final-competition/final-comp/build/final-comp/install.log'
