/home/kazaki/enae450-s26/final competition/enae450-final-competition/final-comp/install/final-comp/lib/python3.12/site-packages/src/right_hand_solver.py
/home/kazaki/enae450-s26/final competition/enae450-final-competition/final-comp/install/final-comp/lib/python3.12/site-packages/src/view_map.py
/home/kazaki/enae450-s26/final competition/enae450-final-competition/final-comp/install/final-comp/lib/python3.12/site-packages/src/maze_solver.py
/home/kazaki/enae450-s26/final competition/enae450-final-competition/final-comp/install/final-comp/lib/python3.12/site-packages/src/draw_to_tb4_gazebo_world.py
/home/kazaki/enae450-s26/final competition/enae450-final-competition/final-comp/install/final-comp/lib/python3.12/site-packages/src/slam_map_viewer.py
/home/kazaki/enae450-s26/final competition/enae450-final-competition/final-comp/install/final-comp/lib/python3.12/site-packages/src/move_robot.py
/home/kazaki/enae450-s26/final competition/enae450-final-competition/final-comp/install/final-comp/lib/python3.12/site-packages/src/__init__.py
/home/kazaki/enae450-s26/final competition/enae450-final-competition/final-comp/install/final-comp/lib/python3.12/site-packages/src/__pycache__/right_hand_solver.cpython-312.pyc
/home/kazaki/enae450-s26/final competition/enae450-final-competition/final-comp/install/final-comp/lib/python3.12/site-packages/src/__pycache__/view_map.cpython-312.pyc
/home/kazaki/enae450-s26/final competition/enae450-final-competition/final-comp/install/final-comp/lib/python3.12/site-packages/src/__pycache__/maze_solver.cpython-312.pyc
/home/kazaki/enae450-s26/final competition/enae450-final-competition/final-comp/install/final-comp/lib/python3.12/site-packages/src/__pycache__/draw_to_tb4_gazebo_world.cpython-312.pyc
/home/kazaki/enae450-s26/final competition/enae450-final-competition/final-comp/install/final-comp/lib/python3.12/site-packages/src/__pycache__/slam_map_viewer.cpython-312.pyc
/home/kazaki/enae450-s26/final competition/enae450-final-competition/final-comp/install/final-comp/lib/python3.12/site-packages/src/__pycache__/move_robot.cpython-312.pyc
/home/kazaki/enae450-s26/final competition/enae450-final-competition/final-comp/install/final-comp/lib/python3.12/site-packages/src/__pycache__/__init__.cpython-312.pyc
/home/kazaki/enae450-s26/final competition/enae450-final-competition/final-comp/install/final-comp/share/ament_index/resource_index/packages/final-comp
/home/kazaki/enae450-s26/final competition/enae450-final-competition/final-comp/install/final-comp/share/final-comp/package.xml
/home/kazaki/enae450-s26/final competition/enae450-final-competition/final-comp/install/final-comp/lib/python3.12/site-packages/final_comp-0.0.0-py3.12.egg-info/top_level.txt
/home/kazaki/enae450-s26/final competition/enae450-final-competition/final-comp/install/final-comp/lib/python3.12/site-packages/final_comp-0.0.0-py3.12.egg-info/dependency_links.txt
/home/kazaki/enae450-s26/final competition/enae450-final-competition/final-comp/install/final-comp/lib/python3.12/site-packages/final_comp-0.0.0-py3.12.egg-info/entry_points.txt
/home/kazaki/enae450-s26/final competition/enae450-final-competition/final-comp/install/final-comp/lib/python3.12/site-packages/final_comp-0.0.0-py3.12.egg-info/SOURCES.txt
/home/kazaki/enae450-s26/final competition/enae450-final-competition/final-comp/install/final-comp/lib/python3.12/site-packages/final_comp-0.0.0-py3.12.egg-info/requires.txt
/home/kazaki/enae450-s26/final competition/enae450-final-competition/final-comp/install/final-comp/lib/python3.12/site-packages/final_comp-0.0.0-py3.12.egg-info/PKG-INFO
/home/kazaki/enae450-s26/final competition/enae450-final-competition/final-comp/install/final-comp/lib/python3.12/site-packages/final_comp-0.0.0-py3.12.egg-info/zip-safe
/home/kazaki/enae450-s26/final competition/enae450-final-competition/final-comp/install/final-comp/lib/final-comp/maze_solver
/home/kazaki/enae450-s26/final competition/enae450-final-competition/final-comp/install/final-comp/lib/final-comp/move_robot
/home/kazaki/enae450-s26/final competition/enae450-final-competition/final-comp/install/final-comp/lib/final-comp/right_hand_solver
/home/kazaki/enae450-s26/final competition/enae450-final-competition/final-comp/install/final-comp/lib/final-comp/slam_map_viewer
/home/kazaki/enae450-s26/final competition/enae450-final-competition/final-comp/install/final-comp/lib/final-comp/view_map
